<?xml version="1.0" encoding="UTF-8"?>
<!-- Generated by org.testng.reporters.JUnitReportReporter -->
<testsuite hostname="Mouli" failures="0" tests="3" name="AddProduct.AddProductTest" time="40.201" errors="0" timestamp="2025-05-13T21:30:38 IST" skipped="0">
  <testcase classname="AddProduct.AddProductTest" name="addproduct" time="13.891">
    <system-out>
      <![CDATA[Home page is displayed
Product clicked
Clicked on cart button
Product is dispalyed
First name added
Last name added
Zipcode added
Checkout description is dispalyed
Thank you message is dispalyed
Hurrrraayyyyyy!!!!! Your product is placed]]>
    </system-out>
  </testcase> <!-- addproduct -->
  <testcase classname="AddProduct.AddProductTest" name="addproduct" time="13.543">
    <system-out>
      <![CDATA[Home page is displayed
Product clicked
Clicked on cart button
Product is dispalyed
First name added
Last name added
Zipcode added
Checkout description is dispalyed
Thank you message is dispalyed
Hurrrraayyyyyy!!!!! Your product is placed]]>
    </system-out>
  </testcase> <!-- addproduct -->
  <testcase classname="AddProduct.AddProductTest" name="addproduct" time="12.767">
    <system-out>
      <![CDATA[Home page is displayed
Product clicked
Clicked on cart button
Product is dispalyed
First name added
Last name added
Zipcode added
Checkout description is dispalyed
Thank you message is dispalyed
Hurrrraayyyyyy!!!!! Your product is placed]]>
    </system-out>
  </testcase> <!-- addproduct -->
  <system-out>
    <![CDATA[Browser opened
Browser opened
Navigated to the application
Navigated to the application
Login Page displayed
Login Page displayed
Username is: standard_user
Username is: standard_user
Password is: secret_sauce
Password is: secret_sauce
Login button clicked
Login button clicked
Home page is displayed
Home page is displayed
Browser opened
Navigated to the application
Login Page displayed
Username is: standard_user
Password is: secret_sauce
Login button clicked
Home page is displayed
Product clicked
Product clicked
Clicked on cart button
Product is dispalyed
Clicked on cart button
Product is dispalyed
Product clicked
Clicked on cart button
Product is dispalyed
First name added
First name added
Last name added
Last name added
Zipcode added
Zipcode added
Checkout description is dispalyed
Thank you message is dispalyed
Hurrrraayyyyyy!!!!! Your product is placed
Checkout description is dispalyed
Thank you message is dispalyed
Hurrrraayyyyyy!!!!! Your product is placed
Logout suucessful
Browser closed
First name added
Logout suucessful
Last name added
Zipcode added
Checkout description is dispalyed
Thank you message is dispalyed
Hurrrraayyyyyy!!!!! Your product is placed
Logout suucessful
Browser closed
Browser closed]]>
  </system-out>
</testsuite> <!-- AddProduct.AddProductTest -->
